<?xml version="1.0" encoding="UTF-8"?>
<!-- Generated by org.testng.reporters.JUnitReportReporter -->
<testsuite hostname="SIddu" failures="0" tests="4" name="New_TestNG_Project.testNG_Inherited_DTMethods" time="0.008" errors="0" timestamp="2022-12-15T23:34:00 IST" skipped="0">
  <testcase classname="New_TestNG_Project.testNG_Inherited_DTMethods" name="testThree" time="0.001"/>
  <system-out/>
  <testcase classname="New_TestNG_Project.testNG_Inherited_DTMethods" name="testOne" time="0.001"/>
  <system-out/>
  <testcase classname="New_TestNG_Project.testNG_Inherited_DTMethods" name="testTwo" time="0.001"/>
  <system-out/>
  <testcase classname="New_TestNG_Project.testNG_Inherited_DTMethods" name="testFour" time="0.005"/>
  <system-out/>
</testsuite> <!-- New_TestNG_Project.testNG_Inherited_DTMethods -->
