<?xml version="1.0" encoding="UTF-8"?>
<!-- Generated by org.testng.reporters.JUnitReportReporter -->
<testsuite hostname="SIddu" failures="0" tests="2" name="New_TestNG_Project.testNgFetchDataFromDataProvider" time="0.006" errors="0" timestamp="2022-12-19T17:48:15 IST" skipped="0">
  <testcase classname="New_TestNG_Project.testNgFetchDataFromDataProvider" name="setData" time="0.001"/>
  <system-out/>
  <testcase classname="New_TestNG_Project.testNgFetchDataFromDataProvider" name="setData" time="0.005"/>
  <system-out/>
</testsuite> <!-- New_TestNG_Project.testNgFetchDataFromDataProvider -->
