<?xml version="1.0" encoding="UTF-8"?>
<!-- Generated by org.testng.reporters.JUnitReportReporter -->
<testsuite hostname="SIddu" failures="0" tests="5" name="New_TestNG_Project.testNG_HelperAttributes_Priority" time="0.008" errors="0" timestamp="2022-12-15T23:45:47 IST" skipped="1">
  <testcase classname="New_TestNG_Project.testNG_HelperAttributes_Priority" name="Meet" time="0.005"/>
  <system-out/>
  <testcase classname="New_TestNG_Project.testNG_HelperAttributes_Priority" name="SendMsg" time="0.001"/>
  <system-out/>
  <testcase classname="New_TestNG_Project.testNG_HelperAttributes_Priority" name="SendEmail" time="0.001"/>
  <system-out/>
  <testcase classname="New_TestNG_Project.testNG_HelperAttributes_Priority" name="Chat" time="0.001"/>
  <system-out/>
  <testcase classname="New_TestNG_Project.testNG_HelperAttributes_Priority" name="Call">
    <skipped/>
  </testcase> <!-- Call -->
  <system-out/>
</testsuite> <!-- New_TestNG_Project.testNG_HelperAttributes_Priority -->
