<?xml version="1.0" encoding="UTF-8"?>
<!-- Generated by org.testng.reporters.JUnitReportReporter -->
<testsuite hostname="SIddu" failures="0" tests="5" name="New_TestNG_Project.testNG_HelperAttributes" time="0.009" errors="0" timestamp="2022-12-15T23:05:20 IST" skipped="0">
  <testcase classname="New_TestNG_Project.testNG_HelperAttributes" name="Meet" time="0.006"/>
  <system-out/>
  <testcase classname="New_TestNG_Project.testNG_HelperAttributes" name="SendMsg" time="0.001"/>
  <system-out/>
  <testcase classname="New_TestNG_Project.testNG_HelperAttributes" name="SendEmail" time="0.001"/>
  <system-out/>
  <testcase classname="New_TestNG_Project.testNG_HelperAttributes" name="Chat" time="0.001"/>
  <system-out/>
  <testcase classname="New_TestNG_Project.testNG_HelperAttributes" name="Call" time="0.000"/>
  <system-out/>
</testsuite> <!-- New_TestNG_Project.testNG_HelperAttributes -->
