<?xml version="1.0" encoding="UTF-8"?>
<!-- Generated by org.testng.reporters.JUnitReportReporter -->
<testsuite hostname="SIddu" failures="0" tests="4" name="New_TestNG_Project.testNG_DataProvider" time="0.008" errors="0" timestamp="2022-12-19T17:32:56 IST" skipped="0">
  <testcase classname="New_TestNG_Project.testNG_DataProvider" name="setData" time="0.005"/>
  <system-out/>
  <testcase classname="New_TestNG_Project.testNG_DataProvider" name="setData2" time="0.001"/>
  <system-out/>
  <testcase classname="New_TestNG_Project.testNG_DataProvider" name="setData" time="0.001"/>
  <system-out/>
  <testcase classname="New_TestNG_Project.testNG_DataProvider" name="setData2" time="0.001"/>
  <system-out/>
</testsuite> <!-- New_TestNG_Project.testNG_DataProvider -->
