<?xml version="1.0" encoding="UTF-8"?>
<!-- Generated by org.testng.reporters.JUnitReportReporter -->
<testsuite hostname="SIddu" failures="0" tests="2" name="New_TestNG_Project.testNG_SuperClass" time="0.002" errors="0" timestamp="2022-12-15T23:34:00 IST" skipped="0">
  <testcase classname="New_TestNG_Project.testNG_SuperClass" name="testTwo" time="0.001"/>
  <system-out/>
  <testcase classname="New_TestNG_Project.testNG_SuperClass" name="testOne" time="0.001"/>
  <system-out/>
</testsuite> <!-- New_TestNG_Project.testNG_SuperClass -->
