<?xml version="1.0" encoding="UTF-8"?>
<!-- Generated by org.testng.reporters.JUnitReportReporter -->
<testsuite hostname="SIddu" failures="0" tests="2" name="New_TestNG_Project.TestNG_Annotations" time="0.008" errors="0" timestamp="2022-12-19T16:32:10 IST" skipped="0">
  <testcase classname="New_TestNG_Project.TestNG_Annotations" name="testCase2" time="0.003"/>
  <system-out/>
  <testcase classname="New_TestNG_Project.TestNG_Annotations" name="testCase1" time="0.005"/>
  <system-out/>
</testsuite> <!-- New_TestNG_Project.TestNG_Annotations -->
