<?xml version="1.0" encoding="UTF-8"?>
<!-- Generated by org.testng.reporters.JUnitReportReporter -->
<testsuite hostname="SIddu" failures="0" tests="1" name="New_TestNG_Project.testNG_PremiumCars" time="0.000" errors="0" timestamp="2022-12-19T21:51:02 IST" skipped="0">
  <testcase classname="New_TestNG_Project.testNG_PremiumCars" name="SendPremiumCar" time="0.000"/>
  <system-out/>
</testsuite> <!-- New_TestNG_Project.testNG_PremiumCars -->
