<?xml version="1.0" encoding="UTF-8"?>
<!-- Generated by org.testng.reporters.JUnitReportReporter -->
<testsuite hostname="SIddu" failures="0" tests="1" name="New_TestNG_Project.testNG_Demo_1" time="0.008" errors="0" timestamp="2022-12-15T12:28:45 IST" skipped="0">
  <testcase classname="New_TestNG_Project.testNG_Demo_1" name="GetData" time="0.008"/>
  <system-out/>
</testsuite> <!-- New_TestNG_Project.testNG_Demo_1 -->
