<?xml version="1.0" encoding="UTF-8"?>
<!-- Generated by org.testng.reporters.JUnitReportReporter -->
<testsuite hostname="SIddu" failures="0" tests="2" name="New_TestNG_Project.ParameterTestNG_Test2" time="0.001" errors="0" timestamp="2022-12-19T17:09:09 IST" skipped="0">
  <testcase classname="New_TestNG_Project.ParameterTestNG_Test2" name="scName" time="0.001"/>
  <system-out/>
  <testcase classname="New_TestNG_Project.ParameterTestNG_Test2" name="stName" time="0.000"/>
  <system-out/>
</testsuite> <!-- New_TestNG_Project.ParameterTestNG_Test2 -->
