<?xml version="1.0" encoding="UTF-8"?>
<!-- Generated by org.testng.reporters.JUnitReportReporter -->
<testsuite hostname="SIddu" failures="0" tests="4" name="New_TestNG_Project.testNG_DependsOnMethod_Attribute" time="0.010" errors="0" timestamp="2022-12-15T23:19:39 IST" skipped="0">
  <testcase classname="New_TestNG_Project.testNG_DependsOnMethod_Attribute" name="ShutDown" time="0.001"/>
  <system-out/>
  <testcase classname="New_TestNG_Project.testNG_DependsOnMethod_Attribute" name="SignIn" time="0.001"/>
  <system-out/>
  <testcase classname="New_TestNG_Project.testNG_DependsOnMethod_Attribute" name="LogOut" time="0.001"/>
  <system-out/>
  <testcase classname="New_TestNG_Project.testNG_DependsOnMethod_Attribute" name="OpenBrowser" time="0.007"/>
  <system-out/>
</testsuite> <!-- New_TestNG_Project.testNG_DependsOnMethod_Attribute -->
