<?xml version="1.0" encoding="UTF-8"?>
<!-- Generated by org.testng.reporters.JUnitReportReporter -->
<testsuite hostname="SIddu" failures="0" tests="1" name="New_TestNG_Project.testNG_SUVCar" time="0.005" errors="0" timestamp="2022-12-19T21:51:02 IST" skipped="0">
  <testcase classname="New_TestNG_Project.testNG_SUVCar" name="GetSUV" time="0.005"/>
  <system-out/>
</testsuite> <!-- New_TestNG_Project.testNG_SUVCar -->
